<?xml version="1.0" encoding="UTF-8" ?>
<testsuite failures="0" time="0.09" errors="0" skipped="0" tests="1" name="net.sf.robocode.test.robots.TestEnvAttack">
  <properties>
    <property name="java.runtime.name" value="OpenJDK Runtime Environment"/>
    <property name="sun.boot.library.path" value="/usr/lib/jvm/java-6-openjdk/jre/lib/i386"/>
    <property name="java.vm.version" value="17.0-b16"/>
    <property name="java.vm.vendor" value="Sun Microsystems Inc."/>
    <property name="java.vendor.url" value="http://java.sun.com/"/>
    <property name="path.separator" value=":"/>
    <property name="java.vm.name" value="OpenJDK Client VM"/>
    <property name="file.encoding.pkg" value="sun.io"/>
    <property name="user.country" value="IN"/>
    <property name="sun.java.launcher" value="SUN_STANDARD"/>
    <property name="sun.os.patch.level" value="unknown"/>
    <property name="java.vm.specification.name" value="Java Virtual Machine Specification"/>
    <property name="user.dir" value="/home/f13/workspace/robocode.tests"/>
    <property name="ROBOTPATH" value="/home/f13/workspace/robocode.tests.robots/target/classes"/>
    <property name="java.runtime.version" value="1.6.0_20-b20"/>
    <property name="WORKINGDIRECTORY" value="target/test-classes"/>
    <property name="java.awt.graphicsenv" value="sun.awt.X11GraphicsEnvironment"/>
    <property name="basedir" value="/home/f13/workspace/robocode.tests"/>
    <property name="java.endorsed.dirs" value="/usr/lib/jvm/java-6-openjdk/jre/lib/endorsed"/>
    <property name="os.arch" value="i386"/>
    <property name="surefire.real.class.path" value="/tmp/surefirebooter3846096719238927542.jar"/>
    <property name="javax.accessibility.assistive_technologies" value="org.GNOME.Accessibility.JavaBridge"/>
    <property name="java.io.tmpdir" value="/tmp"/>
    <property name="line.separator" value="
"/>
    <property name="java.vm.specification.vendor" value="Sun Microsystems Inc."/>
    <property name="os.name" value="Linux"/>
    <property name="EXPERIMENTAL" value="true"/>
    <property name="sun.jnu.encoding" value="UTF-8"/>
    <property name="java.library.path" value="/usr/lib/jvm/java-6-openjdk/jre/lib/i386/client:/usr/lib/jvm/java-6-openjdk/jre/lib/i386:/usr/lib/jvm/java-6-openjdk/jre/../lib/i386:/usr/java/packages/lib/i386:/usr/lib/jni:/lib:/usr/lib"/>
    <property name="surefire.test.class.path" value="/home/f13/workspace/robocode.tests/target/test-classes:/home/f13/workspace/robocode.tests/target/classes:/home/f13/workspace/robocode.api/target/robocode.jar:/home/f13/workspace/robocode.tests.robots/target/robocode.tests.robots-1.7.2.2.jar:/home/f13/.m2/repository/junit/junit/4.5/junit-4.5.jar:/home/f13/workspace/robocode.core/target/robocode.core-1.7.2.2.jar:/home/f13/.m2/repository/org/picocontainer/picocontainer/2.6/picocontainer-2.6.jar:/home/f13/workspace/robocode.samples/target/robocode.samples-1.7.2.2.jar:/home/f13/workspace/robocode.host/target/robocode.host-1.7.2.2.jar:/home/f13/workspace/robocode.battle/target/robocode.battle-1.7.2.2.jar:/home/f13/workspace/robocode.repository/target/robocode.repository-1.7.2.2.jar:/home/f13/.m2/repository/net/sf/robocode/codesize/1.1/codesize-1.1.jar:"/>
    <property name="robocode.class.path" value="/home/f13/workspace/robocode.tests/target/test-classes:/home/f13/workspace/robocode.tests/target/classes:/home/f13/workspace/robocode.api/target/robocode.jar:/home/f13/workspace/robocode.tests.robots/target/robocode.tests.robots-1.7.2.2.jar:/home/f13/.m2/repository/junit/junit/4.5/junit-4.5.jar:/home/f13/workspace/robocode.core/target/robocode.core-1.7.2.2.jar:/home/f13/.m2/repository/org/picocontainer/picocontainer/2.6/picocontainer-2.6.jar:/home/f13/workspace/robocode.samples/target/robocode.samples-1.7.2.2.jar:/home/f13/workspace/robocode.host/target/robocode.host-1.7.2.2.jar:/home/f13/workspace/robocode.battle/target/robocode.battle-1.7.2.2.jar:/home/f13/workspace/robocode.repository/target/robocode.repository-1.7.2.2.jar:/home/f13/.m2/repository/net/sf/robocode/codesize/1.1/codesize-1.1.jar:"/>
    <property name="java.specification.name" value="Java Platform API Specification"/>
    <property name="java.class.version" value="50.0"/>
    <property name="sun.management.compiler" value="HotSpot Client Compiler"/>
    <property name="os.version" value="2.6.36-custom"/>
    <property name="user.home" value="/home/f13"/>
    <property name="user.timezone" value="Asia/Kolkata"/>
    <property name="java.awt.printerjob" value="sun.print.PSPrinterJob"/>
    <property name="java.specification.version" value="1.6"/>
    <property name="file.encoding" value="UTF-8"/>
    <property name="user.name" value="f13"/>
    <property name="java.class.path" value="/home/f13/workspace/robocode.tests/target/test-classes:/home/f13/workspace/robocode.tests/target/classes:/home/f13/workspace/robocode.api/target/robocode.jar:/home/f13/workspace/robocode.tests.robots/target/robocode.tests.robots-1.7.2.2.jar:/home/f13/.m2/repository/junit/junit/4.5/junit-4.5.jar:/home/f13/workspace/robocode.core/target/robocode.core-1.7.2.2.jar:/home/f13/.m2/repository/org/picocontainer/picocontainer/2.6/picocontainer-2.6.jar:/home/f13/workspace/robocode.samples/target/robocode.samples-1.7.2.2.jar:/home/f13/workspace/robocode.host/target/robocode.host-1.7.2.2.jar:/home/f13/workspace/robocode.battle/target/robocode.battle-1.7.2.2.jar:/home/f13/workspace/robocode.repository/target/robocode.repository-1.7.2.2.jar:/home/f13/.m2/repository/net/sf/robocode/codesize/1.1/codesize-1.1.jar:"/>
    <property name="java.vm.specification.version" value="1.0"/>
    <property name="sun.arch.data.model" value="32"/>
    <property name="java.home" value="/usr/lib/jvm/java-6-openjdk/jre"/>
    <property name="java.specification.vendor" value="Sun Microsystems Inc."/>
    <property name="user.language" value="en"/>
    <property name="java.vm.info" value="mixed mode, sharing"/>
    <property name="java.version" value="1.6.0_20"/>
    <property name="java.ext.dirs" value="/usr/lib/jvm/java-6-openjdk/jre/lib/ext:/usr/java/packages/lib/ext"/>
    <property name="sun.boot.class.path" value="/usr/lib/jvm/java-6-openjdk/jre/lib/resources.jar:/usr/lib/jvm/java-6-openjdk/jre/lib/rt.jar:/usr/lib/jvm/java-6-openjdk/jre/lib/sunrsasign.jar:/usr/lib/jvm/java-6-openjdk/jre/lib/jsse.jar:/usr/lib/jvm/java-6-openjdk/jre/lib/jce.jar:/usr/lib/jvm/java-6-openjdk/jre/lib/charsets.jar:/usr/lib/jvm/java-6-openjdk/jre/lib/netx.jar:/usr/lib/jvm/java-6-openjdk/jre/lib/plugin.jar:/usr/lib/jvm/java-6-openjdk/jre/lib/rhino.jar:/usr/lib/jvm/java-6-openjdk/jre/classes"/>
    <property name="java.vendor" value="Sun Microsystems Inc."/>
    <property name="localRepository" value="/home/f13/.m2/repository"/>
    <property name="file.separator" value="/"/>
    <property name="java.vendor.url.bug" value="http://java.sun.com/cgi-bin/bugreport.cgi"/>
    <property name="sun.cpu.endian" value="little"/>
    <property name="sun.io.unicode.encoding" value="UnicodeLittle"/>
    <property name="TESTING" value="true"/>
    <property name="sun.desktop" value="gnome"/>
    <property name="sun.cpu.isalist" value=""/>
  </properties>
  <testcase time="0.089" classname="net.sf.robocode.test.robots.TestEnvAttack" name="run"/>
</testsuite>